<?xml version="1.0" encoding="UTF-8"?>
<!-- Generated by org.testng.reporters.JUnitReportReporter -->
<testsuite skipped="0" hostname="DESKTOP-89OTHQ5" name="com.execution.TestExecution" tests="1" failures="0" timestamp="08 May 2021 05:35:47 GMT" time="44.256" errors="0">
  <testcase name="test01" time="44.256" classname="com.execution.TestExecution"/>
</testsuite> <!-- com.execution.TestExecution -->
